<?xml version="1.0" encoding="UTF-8"?>
<!-- Generated by org.testng.reporters.JUnitReportReporter -->
<testsuite hostname="DESKTOP-AELALK6" failures="0" tests="1" name="SeleniumBasics.LocatorsExample" time="22.671" errors="0" timestamp="2024-11-09T06:31:51 IST" skipped="0">
  <testcase classname="SeleniumBasics.LocatorsExample" name="accessLinkedin" time="22.671"/>
  <system-out/>
</testsuite> <!-- SeleniumBasics.LocatorsExample -->
