<?xml version="1.0" encoding="UTF-8"?>
<!-- Generated by org.testng.reporters.JUnitReportReporter -->
<testsuite hostname="DESKTOP-AELALK6" failures="0" tests="2" name="SeleniumBasics.Basics" time="26.646" errors="0" timestamp="2024-11-04T06:26:33 IST" skipped="0">
  <testcase classname="SeleniumBasics.Basics" name="accessLinkedin" time="17.760"/>
  <system-out/>
  <testcase classname="SeleniumBasics.Basics" name="chromeTest" time="8.886"/>
  <system-out/>
</testsuite> <!-- SeleniumBasics.Basics -->
